<?xml version="1.0" encoding="UTF-8"?>
<testsuite xmlns:xsi="http://www.w3.org/2001/XMLSchema-instance" xsi:noNamespaceSchemaLocation="https://maven.apache.org/surefire/maven-surefire-plugin/xsd/surefire-test-report.xsd" name="SimpleSpider.AppTest" time="0" tests="1" errors="0" skipped="0" failures="0">
  <properties>
    <property name="gopherProxySet" value="false"/>
    <property name="awt.toolkit" value="sun.lwawt.macosx.LWCToolkit"/>
    <property name="file.encoding.pkg" value="sun.io"/>
    <property name="java.specification.version" value="1.8"/>
    <property name="sun.cpu.isalist" value=""/>
    <property name="sun.jnu.encoding" value="UTF-8"/>
    <property name="java.class.path" value="/Users/liuwenrui/Documents/git/SimpleSpider/SimpleSpiderCore/target/test-classes:/Users/liuwenrui/Documents/git/SimpleSpider/SimpleSpiderCore/target/classes:/Users/liuwenrui/.m2/repository/junit/junit/4.12/junit-4.12.jar:/Users/liuwenrui/.m2/repository/org/hamcrest/hamcrest-core/1.3/hamcrest-core-1.3.jar:/Users/liuwenrui/.m2/repository/org/apache/httpcomponents/httpclient/4.5.3/httpclient-4.5.3.jar:/Users/liuwenrui/.m2/repository/org/apache/httpcomponents/httpcore/4.4.6/httpcore-4.4.6.jar:/Users/liuwenrui/.m2/repository/commons-logging/commons-logging/1.2/commons-logging-1.2.jar:/Users/liuwenrui/.m2/repository/commons-codec/commons-codec/1.9/commons-codec-1.9.jar:/Users/liuwenrui/.m2/repository/org/jsoup/jsoup/1.11.2/jsoup-1.11.2.jar:/Users/liuwenrui/.m2/repository/com/alibaba/fastjson/1.2.45/fastjson-1.2.45.jar:/Users/liuwenrui/.m2/repository/org/slf4j/slf4j-api/1.7.25/slf4j-api-1.7.25.jar:/Users/liuwenrui/.m2/repository/org/slf4j/slf4j-log4j12/1.7.25/slf4j-log4j12-1.7.25.jar:/Users/liuwenrui/.m2/repository/log4j/log4j/1.2.17/log4j-1.2.17.jar:/Users/liuwenrui/.m2/repository/commons-io/commons-io/2.4/commons-io-2.4.jar:/Users/liuwenrui/.m2/repository/commons-lang/commons-lang/2.6/commons-lang-2.6.jar:/Users/liuwenrui/.m2/repository/org/projectlombok/lombok/1.16.18/lombok-1.16.18.jar:"/>
    <property name="java.vm.vendor" value="Oracle Corporation"/>
    <property name="sun.arch.data.model" value="64"/>
    <property name="java.vendor.url" value="http://java.oracle.com/"/>
    <property name="user.timezone" value=""/>
    <property name="java.vm.specification.version" value="1.8"/>
    <property name="os.name" value="Mac OS X"/>
    <property name="user.country" value="CN"/>
    <property name="sun.java.launcher" value="SUN_STANDARD"/>
    <property name="sun.boot.library.path" value="/Library/Java/JavaVirtualMachines/jdk1.8.0_161.jdk/Contents/Home/jre/lib"/>
    <property name="sun.java.command" value="/Users/liuwenrui/Documents/git/SimpleSpider/SimpleSpiderCore/target/surefire/surefirebooter7267986120534853798.jar /Users/liuwenrui/Documents/git/SimpleSpider/SimpleSpiderCore/target/surefire 2018-11-24T23-39-41_411-jvmRun1 surefire5175918288293785931tmp surefire_05604677832629916547tmp"/>
    <property name="http.nonProxyHosts" value="local|*.local|169.254/16|*.169.254/16"/>
    <property name="surefire.test.class.path" value="/Users/liuwenrui/Documents/git/SimpleSpider/SimpleSpiderCore/target/test-classes:/Users/liuwenrui/Documents/git/SimpleSpider/SimpleSpiderCore/target/classes:/Users/liuwenrui/.m2/repository/junit/junit/4.12/junit-4.12.jar:/Users/liuwenrui/.m2/repository/org/hamcrest/hamcrest-core/1.3/hamcrest-core-1.3.jar:/Users/liuwenrui/.m2/repository/org/apache/httpcomponents/httpclient/4.5.3/httpclient-4.5.3.jar:/Users/liuwenrui/.m2/repository/org/apache/httpcomponents/httpcore/4.4.6/httpcore-4.4.6.jar:/Users/liuwenrui/.m2/repository/commons-logging/commons-logging/1.2/commons-logging-1.2.jar:/Users/liuwenrui/.m2/repository/commons-codec/commons-codec/1.9/commons-codec-1.9.jar:/Users/liuwenrui/.m2/repository/org/jsoup/jsoup/1.11.2/jsoup-1.11.2.jar:/Users/liuwenrui/.m2/repository/com/alibaba/fastjson/1.2.45/fastjson-1.2.45.jar:/Users/liuwenrui/.m2/repository/org/slf4j/slf4j-api/1.7.25/slf4j-api-1.7.25.jar:/Users/liuwenrui/.m2/repository/org/slf4j/slf4j-log4j12/1.7.25/slf4j-log4j12-1.7.25.jar:/Users/liuwenrui/.m2/repository/log4j/log4j/1.2.17/log4j-1.2.17.jar:/Users/liuwenrui/.m2/repository/commons-io/commons-io/2.4/commons-io-2.4.jar:/Users/liuwenrui/.m2/repository/commons-lang/commons-lang/2.6/commons-lang-2.6.jar:/Users/liuwenrui/.m2/repository/org/projectlombok/lombok/1.16.18/lombok-1.16.18.jar:"/>
    <property name="sun.cpu.endian" value="little"/>
    <property name="user.home" value="/Users/liuwenrui"/>
    <property name="user.language" value="zh"/>
    <property name="java.specification.vendor" value="Oracle Corporation"/>
    <property name="java.home" value="/Library/Java/JavaVirtualMachines/jdk1.8.0_161.jdk/Contents/Home/jre"/>
    <property name="basedir" value="/Users/liuwenrui/Documents/git/SimpleSpider/SimpleSpiderCore"/>
    <property name="file.separator" value="/"/>
    <property name="line.separator" value="&#10;"/>
    <property name="java.vm.specification.vendor" value="Oracle Corporation"/>
    <property name="java.specification.name" value="Java Platform API Specification"/>
    <property name="java.awt.graphicsenv" value="sun.awt.CGraphicsEnvironment"/>
    <property name="surefire.real.class.path" value="/Users/liuwenrui/Documents/git/SimpleSpider/SimpleSpiderCore/target/surefire/surefirebooter7267986120534853798.jar"/>
    <property name="sun.boot.class.path" value="/Library/Java/JavaVirtualMachines/jdk1.8.0_161.jdk/Contents/Home/jre/lib/resources.jar:/Library/Java/JavaVirtualMachines/jdk1.8.0_161.jdk/Contents/Home/jre/lib/rt.jar:/Library/Java/JavaVirtualMachines/jdk1.8.0_161.jdk/Contents/Home/jre/lib/sunrsasign.jar:/Library/Java/JavaVirtualMachines/jdk1.8.0_161.jdk/Contents/Home/jre/lib/jsse.jar:/Library/Java/JavaVirtualMachines/jdk1.8.0_161.jdk/Contents/Home/jre/lib/jce.jar:/Library/Java/JavaVirtualMachines/jdk1.8.0_161.jdk/Contents/Home/jre/lib/charsets.jar:/Library/Java/JavaVirtualMachines/jdk1.8.0_161.jdk/Contents/Home/jre/lib/jfr.jar:/Library/Java/JavaVirtualMachines/jdk1.8.0_161.jdk/Contents/Home/jre/classes"/>
    <property name="sun.management.compiler" value="HotSpot 64-Bit Tiered Compilers"/>
    <property name="ftp.nonProxyHosts" value="local|*.local|169.254/16|*.169.254/16"/>
    <property name="java.runtime.version" value="1.8.0_161-b12"/>
    <property name="user.name" value="liuwenrui"/>
    <property name="path.separator" value=":"/>
    <property name="os.version" value="10.14"/>
    <property name="java.endorsed.dirs" value="/Library/Java/JavaVirtualMachines/jdk1.8.0_161.jdk/Contents/Home/jre/lib/endorsed"/>
    <property name="java.runtime.name" value="Java(TM) SE Runtime Environment"/>
    <property name="file.encoding" value="UTF-8"/>
    <property name="java.vm.name" value="Java HotSpot(TM) 64-Bit Server VM"/>
    <property name="localRepository" value="/Users/liuwenrui/.m2/repository"/>
    <property name="java.vendor.url.bug" value="http://bugreport.sun.com/bugreport/"/>
    <property name="java.io.tmpdir" value="/var/folders/_6/tc27qsr95f3c3s0nb2gxqg400000gn/T/"/>
    <property name="idea.version" value="2017.3.3"/>
    <property name="java.version" value="1.8.0_161"/>
    <property name="user.dir" value="/Users/liuwenrui/Documents/git/SimpleSpider/SimpleSpiderCore"/>
    <property name="os.arch" value="x86_64"/>
    <property name="java.vm.specification.name" value="Java Virtual Machine Specification"/>
    <property name="java.awt.printerjob" value="sun.lwawt.macosx.CPrinterJob"/>
    <property name="sun.os.patch.level" value="unknown"/>
    <property name="java.library.path" value="/Users/liuwenrui/Library/Java/Extensions:/Library/Java/Extensions:/Network/Library/Java/Extensions:/System/Library/Java/Extensions:/usr/lib/java:."/>
    <property name="java.vm.info" value="mixed mode"/>
    <property name="java.vendor" value="Oracle Corporation"/>
    <property name="java.vm.version" value="25.161-b12"/>
    <property name="java.ext.dirs" value="/Users/liuwenrui/Library/Java/Extensions:/Library/Java/JavaVirtualMachines/jdk1.8.0_161.jdk/Contents/Home/jre/lib/ext:/Library/Java/Extensions:/Network/Library/Java/Extensions:/System/Library/Java/Extensions:/usr/lib/java"/>
    <property name="sun.io.unicode.encoding" value="UnicodeBig"/>
    <property name="java.class.version" value="52.0"/>
    <property name="socksNonProxyHosts" value="local|*.local|169.254/16|*.169.254/16"/>
  </properties>
  <testcase name="shouldAnswerWithTrue" classname="SimpleSpider.AppTest" time="0"/>
</testsuite>